0 verbose cli C:\Program Files\nodejs\node.exe C:\Program Files\nodejs\node_modules\npm\bin\npm-cli.js
1 info using npm@10.9.2
2 info using node@v22.13.1
3 silly config load:file:C:\Program Files\nodejs\node_modules\npm\npmrc
4 silly config load:file:C:\Users\vishn\OneDrive\Desktop\IITM BS\new tds\.npmrc
5 silly config load:file:C:\Users\vishn\.npmrc
6 silly config load:file:C:\Users\vishn\OneDrive\Desktop\IITM BS\new tds\%AppData%\npm\etc\npmrc
7 verbose title npm exec prettier@3.4.2 --stdin-filepath /data/format.md
8 verbose argv "exec" "--" "prettier@3.4.2" "--stdin-filepath" "/data/format.md"
9 verbose logfile logs-max:10 dir:C:\Users\vishn\OneDrive\Desktop\IITM BS\new tds\%AppData%\npm-cache\_logs\2025-02-16T11_49_18_882Z-
10 verbose logfile C:\Users\vishn\OneDrive\Desktop\IITM BS\new tds\%AppData%\npm-cache\_logs\2025-02-16T11_49_18_882Z-debug-0.log
11 silly logfile start cleaning logs, removing 1 files
12 silly logfile done cleaning log files
13 silly packumentCache heap:4345298944 maxSize:1086324736 maxEntrySize:543162368
14 verbose shrinkwrap failed to load node_modules/.package-lock.json out of date, updated: node_modules
15 http fetch GET 200 https://registry.npmjs.org/prettier 171ms (cache updated)
16 silly packumentCache heap:4345298944 maxSize:1086324736 maxEntrySize:543162368
17 silly packumentCache heap:4345298944 maxSize:1086324736 maxEntrySize:543162368
18 verbose cwd C:\Users\vishn\OneDrive\Desktop\IITM BS\new tds
19 verbose os Windows_NT 10.0.26100
20 verbose node v22.13.1
21 verbose npm  v10.9.2
22 verbose exit 0
23 info ok
